23:27:07 **** Incremental Build of configuration Debug for project CONTROL_ECU ****
make all 
Building file: ../main.c
Invoking: AVR Compiler
avr-gcc -Wall -g2 -gstabs -O0 -fpack-struct -fshort-enums -ffunction-sections -fdata-sections -std=gnu99 -funsigned-char -funsigned-bitfields -mmcu=atmega16 -DF_CPU=1000000UL -MMD -MP -MF"main.d" -MT"main.o" -c -o "main.o" "../main.c"
../main.c:12:1: warning: "F_CPU" redefined
<command-line>: warning: this is the location of the previous definition
../main.c: In function 'main':
../main.c:104: warning: passing argument 1 of 'UART_receiveString' discards qualifiers from pointer target type
../main.c:122: warning: passing argument 2 of 'EEPROM_readByte' discards qualifiers from pointer target type
../main.c:140: warning: passing argument 1 of 'UART_sendString' discards qualifiers from pointer target type
../main.c:150: warning: passing argument 1 of 'UART_receiveString' discards qualifiers from pointer target type
../main.c:170: warning: passing argument 1 of 'UART_sendString' discards qualifiers from pointer target type
../main.c: In function 'TASK_alertOn':
../main.c:198: warning: implicit declaration of function 'BUZZER_init'
../main.c:199: warning: implicit declaration of function 'BUZZER_on'
../main.c: In function 'TASK_alertOff':
../main.c:219: warning: implicit declaration of function 'BUZZER_off'
../main.c: In function 'TASK_doorOpen':
../main.c:227: warning: implicit declaration of function 'DcMotor_Init'
../main.c:230: warning: implicit declaration of function 'DcMotor_Rotate'
Finished building: ../main.c
 
Building target: CONTROL_ECU.elf
Invoking: AVR C Linker
avr-gcc -Wl,-Map,CONTROL_ECU.map -mmcu=atmega16 -o "CONTROL_ECU.elf"  ./buzzer.o ./dc_motor.o ./eeprom.o ./gpio.o ./i2c.o ./main.o ./timer.o ./uart.o   
Finished building target: CONTROL_ECU.elf
 
Invoking: AVR Create Extended Listing
avr-objdump -h -S CONTROL_ECU.elf  >"CONTROL_ECU.lss"
Finished building: CONTROL_ECU.lss
 
Invoking: Print Size
avr-size --format=avr --mcu=atmega16 CONTROL_ECU.elf
AVR Memory Usage
----------------
Device: atmega16

Program:    5076 bytes (31.0% Full)
(.text + .data + .bootloader)

Data:         51 bytes (5.0% Full)
(.data + .bss + .noinit)


Finished building: sizedummy
 

23:27:11 Build Finished. 0 errors, 11 warnings. (took 4s.613ms)

