20:21:08 **** Incremental Build of configuration Debug for project HMI_ECU ****
make all 
Building file: ../main.c
Invoking: AVR Compiler
avr-gcc -Wall -g2 -gstabs -O0 -fpack-struct -fshort-enums -ffunction-sections -fdata-sections -std=gnu99 -funsigned-char -funsigned-bitfields -mmcu=atmega16 -DF_CPU=1000000UL -MMD -MP -MF"main.d" -MT"main.o" -c -o "main.o" "../main.c"
In file included from ../main.c:21:
../uart.h:16:1: warning: "F_CPU" redefined
<command-line>: warning: this is the location of the previous definition
In file included from ../main.c:24:
c:/winavr-20100110/lib/gcc/../../avr/include/util/delay.h:90:3: warning: #warning "Compiler optimizations disabled; functions from <util/delay.h> won't work as designed"
../main.c: In function 'main':
../main.c:72: warning: implicit declaration of function 'BUZZER_init'
../main.c: In function 'TASK_passwordChange':
../main.c:154: warning: passing argument 1 of 'UART_receiveString' discards qualifiers from pointer target type
../main.c: In function 'TASK_newPasswordEnter':
../main.c:290: warning: passing argument 1 of 'UART_sendString' discards qualifiers from pointer target type
../main.c: In function 'TASK_passwordCheck':
../main.c:318: warning: passing argument 1 of 'UART_receiveString' discards qualifiers from pointer target type
Finished building: ../main.c
 
Building target: HMI_ECU.elf
Invoking: AVR C Linker
avr-gcc -Wl,-Map,HMI_ECU.map -mmcu=atmega16 -o "HMI_ECU.elf"  ./buzzer.o ./gpio.o ./keypad.o ./lcd.o ./main.o ./timer.o ./uart.o   
Finished building target: HMI_ECU.elf
 
Invoking: AVR Create Extended Listing
avr-objdump -h -S HMI_ECU.elf  >"HMI_ECU.lss"
Finished building: HMI_ECU.lss
 
Invoking: Print Size
avr-size --format=avr --mcu=atmega16 HMI_ECU.elf
AVR Memory Usage
----------------
Device: atmega16

Program:   13934 bytes (85.0% Full)
(.text + .data + .bootloader)

Data:        308 bytes (30.1% Full)
(.data + .bss + .noinit)


Finished building: sizedummy
 
21:08:33 **** Incremental Build of configuration Debug for project CONTROL_ECU ****
make all 
Building file: ../main.c
Invoking: AVR Compiler
avr-gcc -Wall -g2 -gstabs -O0 -fpack-struct -fshort-enums -ffunction-sections -fdata-sections -std=gnu99 -funsigned-char -funsigned-bitfields -mmcu=atmega16 -DF_CPU=1000000UL -MMD -MP -MF"main.d" -MT"main.o" -c -o "main.o" "../main.c"
../main.c:12:1: warning: "F_CPU" redefined
<command-line>: warning: this is the location of the previous definition
../main.c: In function 'main':
../main.c:96: warning: passing argument 1 of 'UART_receiveString' discards qualifiers from pointer target type
../main.c:110: warning: passing argument 2 of 'EEPROM_readByte' discards qualifiers from pointer target type
../main.c:125: warning: passing argument 1 of 'UART_sendString' discards qualifiers from pointer target type
../main.c:133: warning: passing argument 1 of 'UART_receiveString' discards qualifiers from pointer target type
../main.c:150: warning: passing argument 1 of 'UART_sendString' discards qualifiers from pointer target type
../main.c: In function 'TASK_alertOn':
../main.c:173: warning: implicit declaration of function 'BUZZER_init'
../main.c:174: warning: implicit declaration of function 'BUZZER_on'
../main.c: In function 'TASK_alertOff':
../main.c:196: warning: implicit declaration of function 'BUZZER_off'
../main.c: In function 'TASK_doorOpen':
../main.c:204: warning: implicit declaration of function 'DcMotor_Init'
../main.c:207: warning: implicit declaration of function 'DcMotor_Rotate'
Finished building: ../main.c
 
Building target: CONTROL_ECU.elf
Invoking: AVR C Linker
avr-gcc -Wl,-Map,CONTROL_ECU.map -mmcu=atmega16 -o "CONTROL_ECU.elf"  ./buzzer.o ./dc_motor.o ./eeprom.o ./gpio.o ./i2c.o ./main.o ./timer.o ./uart.o   
Finished building target: CONTROL_ECU.elf
 
Invoking: AVR Create Extended Listing
avr-objdump -h -S CONTROL_ECU.elf  >"CONTROL_ECU.lss"
Finished building: CONTROL_ECU.lss
 
Invoking: Print Size
avr-size --format=avr --mcu=atmega16 CONTROL_ECU.elf
AVR Memory Usage
----------------
Device: atmega16

Program:    5020 bytes (30.6% Full)
(.text + .data + .bootloader)

Data:         70 bytes (6.8% Full)
(.data + .bss + .noinit)


Finished building: sizedummy
 
21:08:39 **** Incremental Build of configuration Debug for project HMI_ECU ****
make all 
Building file: ../main.c
Invoking: AVR Compiler
avr-gcc -Wall -g2 -gstabs -O0 -fpack-struct -fshort-enums -ffunction-sections -fdata-sections -std=gnu99 -funsigned-char -funsigned-bitfields -mmcu=atmega16 -DF_CPU=1000000UL -MMD -MP -MF"main.d" -MT"main.o" -c -o "main.o" "../main.c"
In file included from ../main.c:21:
../uart.h:16:1: warning: "F_CPU" redefined
<command-line>: warning: this is the location of the previous definition
In file included from ../main.c:24:
c:/winavr-20100110/lib/gcc/../../avr/include/util/delay.h:90:3: warning: #warning "Compiler optimizations disabled; functions from <util/delay.h> won't work as designed"
../main.c: In function 'main':
../main.c:72: warning: implicit declaration of function 'BUZZER_init'
../main.c: In function 'TASK_passwordChange':
../main.c:154: warning: passing argument 1 of 'UART_receiveString' discards qualifiers from pointer target type
../main.c: In function 'TASK_newPasswordEnter':
../main.c:290: warning: passing argument 1 of 'UART_sendString' discards qualifiers from pointer target type
../main.c: In function 'TASK_passwordCheck':
../main.c:318: warning: passing argument 1 of 'UART_receiveString' discards qualifiers from pointer target type
Finished building: ../main.c
 
Building target: HMI_ECU.elf
Invoking: AVR C Linker
avr-gcc -Wl,-Map,HMI_ECU.map -mmcu=atmega16 -o "HMI_ECU.elf"  ./buzzer.o ./gpio.o ./keypad.o ./lcd.o ./main.o ./timer.o ./uart.o   
Finished building target: HMI_ECU.elf
 
Invoking: AVR Create Extended Listing
avr-objdump -h -S HMI_ECU.elf  >"HMI_ECU.lss"
Finished building: HMI_ECU.lss
 
Invoking: Print Size
avr-size --format=avr --mcu=atmega16 HMI_ECU.elf
AVR Memory Usage
----------------
Device: atmega16

Program:   13858 bytes (84.6% Full)
(.text + .data + .bootloader)

Data:        308 bytes (30.1% Full)
(.data + .bss + .noinit)


Finished building: sizedummy
 
21:11:56 **** Incremental Build of configuration Debug for project CONTROL_ECU ****
make all 
Building file: ../timer.c
Invoking: AVR Compiler
avr-gcc -Wall -g2 -gstabs -O0 -fpack-struct -fshort-enums -ffunction-sections -fdata-sections -std=gnu99 -funsigned-char -funsigned-bitfields -mmcu=atmega16 -DF_CPU=1000000UL -MMD -MP -MF"timer.d" -MT"timer.o" -c -o "timer.o" "../timer.c"
../timer.c:25: error: conflicting types for 'g_ticks'
../timer.h:66: error: previous declaration of 'g_ticks' was here
make: *** [timer.o] Error 1
"make all" terminated with exit code 2. Build might be incomplete.
21:11:58 **** Incremental Build of configuration Debug for project HMI_ECU ****
make all 
Building file: ../timer.c
Invoking: AVR Compiler
avr-gcc -Wall -g2 -gstabs -O0 -fpack-struct -fshort-enums -ffunction-sections -fdata-sections -std=gnu99 -funsigned-char -funsigned-bitfields -mmcu=atmega16 -DF_CPU=1000000UL -MMD -MP -MF"timer.d" -MT"timer.o" -c -o "timer.o" "../timer.c"
../timer.c:25: error: conflicting types for 'g_ticks'
../timer.h:66: error: previous declaration of 'g_ticks' was here
make: *** [timer.o] Error 1
"make all" terminated with exit code 2. Build might be incomplete.
21:12:51 **** Incremental Build of configuration Debug for project CONTROL_ECU ****
make all 
Building file: ../main.c
Invoking: AVR Compiler
avr-gcc -Wall -g2 -gstabs -O0 -fpack-struct -fshort-enums -ffunction-sections -fdata-sections -std=gnu99 -funsigned-char -funsigned-bitfields -mmcu=atmega16 -DF_CPU=1000000UL -MMD -MP -MF"main.d" -MT"main.o" -c -o "main.o" "../main.c"
../main.c:12:1: warning: "F_CPU" redefined
<command-line>: warning: this is the location of the previous definition
../main.c: In function 'main':
../main.c:96: warning: passing argument 1 of 'UART_receiveString' discards qualifiers from pointer target type
../main.c:110: warning: passing argument 2 of 'EEPROM_readByte' discards qualifiers from pointer target type
../main.c:125: warning: passing argument 1 of 'UART_sendString' discards qualifiers from pointer target type
../main.c:133: warning: passing argument 1 of 'UART_receiveString' discards qualifiers from pointer target type
../main.c:150: warning: passing argument 1 of 'UART_sendString' discards qualifiers from pointer target type
../main.c: In function 'TASK_alertOn':
../main.c:173: warning: implicit declaration of function 'BUZZER_init'
../main.c:174: warning: implicit declaration of function 'BUZZER_on'
../main.c: In function 'TASK_alertOff':
../main.c:196: warning: implicit declaration of function 'BUZZER_off'
../main.c: In function 'TASK_doorOpen':
../main.c:204: warning: implicit declaration of function 'DcMotor_Init'
../main.c:207: warning: implicit declaration of function 'DcMotor_Rotate'
Finished building: ../main.c
 
Building file: ../timer.c
Invoking: AVR Compiler
avr-gcc -Wall -g2 -gstabs -O0 -fpack-struct -fshort-enums -ffunction-sections -fdata-sections -std=gnu99 -funsigned-char -funsigned-bitfields -mmcu=atmega16 -DF_CPU=1000000UL -MMD -MP -MF"timer.d" -MT"timer.o" -c -o "timer.o" "../timer.c"
Finished building: ../timer.c
 
Building target: CONTROL_ECU.elf
Invoking: AVR C Linker
avr-gcc -Wl,-Map,CONTROL_ECU.map -mmcu=atmega16 -o "CONTROL_ECU.elf"  ./buzzer.o ./dc_motor.o ./eeprom.o ./gpio.o ./i2c.o ./main.o ./timer.o ./uart.o   
Finished building target: CONTROL_ECU.elf
 
Invoking: AVR Create Extended Listing
avr-objdump -h -S CONTROL_ECU.elf  >"CONTROL_ECU.lss"
Finished building: CONTROL_ECU.lss
 
Invoking: Print Size
avr-size --format=avr --mcu=atmega16 CONTROL_ECU.elf
AVR Memory Usage
----------------
Device: atmega16

Program:    5150 bytes (31.4% Full)
(.text + .data + .bootloader)

Data:         71 bytes (6.9% Full)
(.data + .bss + .noinit)


Finished building: sizedummy
 
21:12:58 **** Incremental Build of configuration Debug for project HMI_ECU ****
make all 
Building file: ../main.c
Invoking: AVR Compiler
avr-gcc -Wall -g2 -gstabs -O0 -fpack-struct -fshort-enums -ffunction-sections -fdata-sections -std=gnu99 -funsigned-char -funsigned-bitfields -mmcu=atmega16 -DF_CPU=1000000UL -MMD -MP -MF"main.d" -MT"main.o" -c -o "main.o" "../main.c"
In file included from ../main.c:21:
../uart.h:16:1: warning: "F_CPU" redefined
<command-line>: warning: this is the location of the previous definition
In file included from ../main.c:24:
c:/winavr-20100110/lib/gcc/../../avr/include/util/delay.h:90:3: warning: #warning "Compiler optimizations disabled; functions from <util/delay.h> won't work as designed"
../main.c: In function 'main':
../main.c:72: warning: implicit declaration of function 'BUZZER_init'
../main.c: In function 'TASK_passwordChange':
../main.c:154: warning: passing argument 1 of 'UART_receiveString' discards qualifiers from pointer target type
../main.c: In function 'TASK_newPasswordEnter':
../main.c:290: warning: passing argument 1 of 'UART_sendString' discards qualifiers from pointer target type
../main.c: In function 'TASK_passwordCheck':
../main.c:318: warning: passing argument 1 of 'UART_receiveString' discards qualifiers from pointer target type
Finished building: ../main.c
 
Building file: ../timer.c
Invoking: AVR Compiler
avr-gcc -Wall -g2 -gstabs -O0 -fpack-struct -fshort-enums -ffunction-sections -fdata-sections -std=gnu99 -funsigned-char -funsigned-bitfields -mmcu=atmega16 -DF_CPU=1000000UL -MMD -MP -MF"timer.d" -MT"timer.o" -c -o "timer.o" "../timer.c"
Finished building: ../timer.c
 
Building target: HMI_ECU.elf
Invoking: AVR C Linker
avr-gcc -Wl,-Map,HMI_ECU.map -mmcu=atmega16 -o "HMI_ECU.elf"  ./buzzer.o ./gpio.o ./keypad.o ./lcd.o ./main.o ./timer.o ./uart.o   
Finished building target: HMI_ECU.elf
 
Invoking: AVR Create Extended Listing
avr-objdump -h -S HMI_ECU.elf  >"HMI_ECU.lss"
Finished building: HMI_ECU.lss
 
Invoking: Print Size
avr-size --format=avr --mcu=atmega16 HMI_ECU.elf
AVR Memory Usage
----------------
Device: atmega16

Program:   13984 bytes (85.4% Full)
(.text + .data + .bootloader)

Data:        309 bytes (30.2% Full)
(.data + .bss + .noinit)


Finished building: sizedummy
 
21:15:02 **** Incremental Build of configuration Debug for project CONTROL_ECU ****
make all 
Building file: ../main.c
Invoking: AVR Compiler
avr-gcc -Wall -g2 -gstabs -O0 -fpack-struct -fshort-enums -ffunction-sections -fdata-sections -std=gnu99 -funsigned-char -funsigned-bitfields -mmcu=atmega16 -DF_CPU=1000000UL -MMD -MP -MF"main.d" -MT"main.o" -c -o "main.o" "../main.c"
../main.c:12:1: warning: "F_CPU" redefined
<command-line>: warning: this is the location of the previous definition
../main.c: In function 'main':
../main.c:96: warning: passing argument 1 of 'UART_receiveString' discards qualifiers from pointer target type
../main.c:110: warning: passing argument 2 of 'EEPROM_readByte' discards qualifiers from pointer target type
../main.c:125: warning: passing argument 1 of 'UART_sendString' discards qualifiers from pointer target type
../main.c:133: warning: passing argument 1 of 'UART_receiveString' discards qualifiers from pointer target type
../main.c:150: warning: passing argument 1 of 'UART_sendString' discards qualifiers from pointer target type
../main.c: In function 'TASK_alertOn':
../main.c:173: warning: implicit declaration of function 'BUZZER_init'
../main.c:174: warning: implicit declaration of function 'BUZZER_on'
../main.c: In function 'TASK_alertOff':
../main.c:196: warning: implicit declaration of function 'BUZZER_off'
../main.c: In function 'TASK_doorOpen':
../main.c:204: warning: implicit declaration of function 'DcMotor_Init'
../main.c:207: warning: implicit declaration of function 'DcMotor_Rotate'
Finished building: ../main.c
 
Building file: ../timer.c
Invoking: AVR Compiler
avr-gcc -Wall -g2 -gstabs -O0 -fpack-struct -fshort-enums -ffunction-sections -fdata-sections -std=gnu99 -funsigned-char -funsigned-bitfields -mmcu=atmega16 -DF_CPU=1000000UL -MMD -MP -MF"timer.d" -MT"timer.o" -c -o "timer.o" "../timer.c"
Finished building: ../timer.c
 
Building target: CONTROL_ECU.elf
Invoking: AVR C Linker
avr-gcc -Wl,-Map,CONTROL_ECU.map -mmcu=atmega16 -o "CONTROL_ECU.elf"  ./buzzer.o ./dc_motor.o ./eeprom.o ./gpio.o ./i2c.o ./main.o ./timer.o ./uart.o   
Finished building target: CONTROL_ECU.elf
 
Invoking: AVR Create Extended Listing
avr-objdump -h -S CONTROL_ECU.elf  >"CONTROL_ECU.lss"
Finished building: CONTROL_ECU.lss
 
Invoking: Print Size
avr-size --format=avr --mcu=atmega16 CONTROL_ECU.elf
AVR Memory Usage
----------------
Device: atmega16

Program:    5020 bytes (30.6% Full)
(.text + .data + .bootloader)

Data:         70 bytes (6.8% Full)
(.data + .bss + .noinit)


Finished building: sizedummy
 
21:15:09 **** Incremental Build of configuration Debug for project HMI_ECU ****
make all 
Building file: ../main.c
Invoking: AVR Compiler
avr-gcc -Wall -g2 -gstabs -O0 -fpack-struct -fshort-enums -ffunction-sections -fdata-sections -std=gnu99 -funsigned-char -funsigned-bitfields -mmcu=atmega16 -DF_CPU=1000000UL -MMD -MP -MF"main.d" -MT"main.o" -c -o "main.o" "../main.c"
In file included from ../main.c:21:
../uart.h:16:1: warning: "F_CPU" redefined
<command-line>: warning: this is the location of the previous definition
In file included from ../main.c:24:
c:/winavr-20100110/lib/gcc/../../avr/include/util/delay.h:90:3: warning: #warning "Compiler optimizations disabled; functions from <util/delay.h> won't work as designed"
../main.c: In function 'main':
../main.c:72: warning: implicit declaration of function 'BUZZER_init'
../main.c: In function 'TASK_passwordChange':
../main.c:154: warning: passing argument 1 of 'UART_receiveString' discards qualifiers from pointer target type
../main.c: In function 'TASK_newPasswordEnter':
../main.c:290: warning: passing argument 1 of 'UART_sendString' discards qualifiers from pointer target type
../main.c: In function 'TASK_passwordCheck':
../main.c:318: warning: passing argument 1 of 'UART_receiveString' discards qualifiers from pointer target type
Finished building: ../main.c
 
Building file: ../timer.c
Invoking: AVR Compiler
avr-gcc -Wall -g2 -gstabs -O0 -fpack-struct -fshort-enums -ffunction-sections -fdata-sections -std=gnu99 -funsigned-char -funsigned-bitfields -mmcu=atmega16 -DF_CPU=1000000UL -MMD -MP -MF"timer.d" -MT"timer.o" -c -o "timer.o" "../timer.c"
Finished building: ../timer.c
 
Building target: HMI_ECU.elf
Invoking: AVR C Linker
avr-gcc -Wl,-Map,HMI_ECU.map -mmcu=atmega16 -o "HMI_ECU.elf"  ./buzzer.o ./gpio.o ./keypad.o ./lcd.o ./main.o ./timer.o ./uart.o   
Finished building target: HMI_ECU.elf
 
Invoking: AVR Create Extended Listing
avr-objdump -h -S HMI_ECU.elf  >"HMI_ECU.lss"
Finished building: HMI_ECU.lss
 
Invoking: Print Size
avr-size --format=avr --mcu=atmega16 HMI_ECU.elf
AVR Memory Usage
----------------
Device: atmega16

Program:   13858 bytes (84.6% Full)
(.text + .data + .bootloader)

Data:        308 bytes (30.1% Full)
(.data + .bss + .noinit)


Finished building: sizedummy
 
21:17:03 **** Incremental Build of configuration Debug for project CONTROL_ECU ****
make all 
Building file: ../main.c
Invoking: AVR Compiler
avr-gcc -Wall -g2 -gstabs -O0 -fpack-struct -fshort-enums -ffunction-sections -fdata-sections -std=gnu99 -funsigned-char -funsigned-bitfields -mmcu=atmega16 -DF_CPU=1000000UL -MMD -MP -MF"main.d" -MT"main.o" -c -o "main.o" "../main.c"
../main.c:12:1: warning: "F_CPU" redefined
<command-line>: warning: this is the location of the previous definition
../main.c: In function 'main':
../main.c:96: warning: passing argument 1 of 'UART_receiveString' discards qualifiers from pointer target type
../main.c:110: warning: passing argument 2 of 'EEPROM_readByte' discards qualifiers from pointer target type
../main.c:125: warning: passing argument 1 of 'UART_sendString' discards qualifiers from pointer target type
../main.c:133: warning: passing argument 1 of 'UART_receiveString' discards qualifiers from pointer target type
../main.c:150: warning: passing argument 1 of 'UART_sendString' discards qualifiers from pointer target type
../main.c: In function 'TASK_alertOn':
../main.c:173: warning: implicit declaration of function 'BUZZER_init'
../main.c:174: warning: implicit declaration of function 'BUZZER_on'
../main.c: In function 'TASK_alertOff':
../main.c:196: warning: implicit declaration of function 'BUZZER_off'
../main.c: In function 'TASK_doorOpen':
../main.c:204: warning: implicit declaration of function 'DcMotor_Init'
../main.c:207: warning: implicit declaration of function 'DcMotor_Rotate'
Finished building: ../main.c
 
Building file: ../timer.c
Invoking: AVR Compiler
avr-gcc -Wall -g2 -gstabs -O0 -fpack-struct -fshort-enums -ffunction-sections -fdata-sections -std=gnu99 -funsigned-char -funsigned-bitfields -mmcu=atmega16 -DF_CPU=1000000UL -MMD -MP -MF"timer.d" -MT"timer.o" -c -o "timer.o" "../timer.c"
Finished building: ../timer.c
 
Building target: CONTROL_ECU.elf
Invoking: AVR C Linker
avr-gcc -Wl,-Map,CONTROL_ECU.map -mmcu=atmega16 -o "CONTROL_ECU.elf"  ./buzzer.o ./dc_motor.o ./eeprom.o ./gpio.o ./i2c.o ./main.o ./timer.o ./uart.o   
Finished building target: CONTROL_ECU.elf
 
Invoking: AVR Create Extended Listing
avr-objdump -h -S CONTROL_ECU.elf  >"CONTROL_ECU.lss"
Finished building: CONTROL_ECU.lss
 
Invoking: Print Size
avr-size --format=avr --mcu=atmega16 CONTROL_ECU.elf
AVR Memory Usage
----------------
Device: atmega16

Program:    5150 bytes (31.4% Full)
(.text + .data + .bootloader)

Data:         71 bytes (6.9% Full)
(.data + .bss + .noinit)


Finished building: sizedummy
 
21:17:10 **** Incremental Build of configuration Debug for project HMI_ECU ****
make all 
Building file: ../main.c
Invoking: AVR Compiler
avr-gcc -Wall -g2 -gstabs -O0 -fpack-struct -fshort-enums -ffunction-sections -fdata-sections -std=gnu99 -funsigned-char -funsigned-bitfields -mmcu=atmega16 -DF_CPU=1000000UL -MMD -MP -MF"main.d" -MT"main.o" -c -o "main.o" "../main.c"
In file included from ../main.c:21:
../uart.h:16:1: warning: "F_CPU" redefined
<command-line>: warning: this is the location of the previous definition
In file included from ../main.c:24:
c:/winavr-20100110/lib/gcc/../../avr/include/util/delay.h:90:3: warning: #warning "Compiler optimizations disabled; functions from <util/delay.h> won't work as designed"
../main.c: In function 'main':
../main.c:72: warning: implicit declaration of function 'BUZZER_init'
../main.c: In function 'TASK_passwordChange':
../main.c:154: warning: passing argument 1 of 'UART_receiveString' discards qualifiers from pointer target type
../main.c: In function 'TASK_newPasswordEnter':
../main.c:290: warning: passing argument 1 of 'UART_sendString' discards qualifiers from pointer target type
../main.c: In function 'TASK_passwordCheck':
../main.c:318: warning: passing argument 1 of 'UART_receiveString' discards qualifiers from pointer target type
Finished building: ../main.c
 
Building file: ../timer.c
Invoking: AVR Compiler
avr-gcc -Wall -g2 -gstabs -O0 -fpack-struct -fshort-enums -ffunction-sections -fdata-sections -std=gnu99 -funsigned-char -funsigned-bitfields -mmcu=atmega16 -DF_CPU=1000000UL -MMD -MP -MF"timer.d" -MT"timer.o" -c -o "timer.o" "../timer.c"
Finished building: ../timer.c
 
Building target: HMI_ECU.elf
Invoking: AVR C Linker
avr-gcc -Wl,-Map,HMI_ECU.map -mmcu=atmega16 -o "HMI_ECU.elf"  ./buzzer.o ./gpio.o ./keypad.o ./lcd.o ./main.o ./timer.o ./uart.o   
Finished building target: HMI_ECU.elf
 
Invoking: AVR Create Extended Listing
avr-objdump -h -S HMI_ECU.elf  >"HMI_ECU.lss"
Finished building: HMI_ECU.lss
 
Invoking: Print Size
avr-size --format=avr --mcu=atmega16 HMI_ECU.elf
AVR Memory Usage
----------------
Device: atmega16

Program:   13984 bytes (85.4% Full)
(.text + .data + .bootloader)

Data:        309 bytes (30.2% Full)
(.data + .bss + .noinit)


Finished building: sizedummy
 
22:02:30 **** Incremental Build of configuration Debug for project CONTROL_ECU ****
make all 
Building file: ../main.c
Invoking: AVR Compiler
avr-gcc -Wall -g2 -gstabs -O0 -fpack-struct -fshort-enums -ffunction-sections -fdata-sections -std=gnu99 -funsigned-char -funsigned-bitfields -mmcu=atmega16 -DF_CPU=1000000UL -MMD -MP -MF"main.d" -MT"main.o" -c -o "main.o" "../main.c"
../main.c:12:1: warning: "F_CPU" redefined
<command-line>: warning: this is the location of the previous definition
../main.c: In function 'main':
../main.c:100: warning: passing argument 1 of 'UART_receiveString' discards qualifiers from pointer target type
../main.c:114: warning: passing argument 2 of 'EEPROM_readByte' discards qualifiers from pointer target type
../main.c:129: warning: passing argument 1 of 'UART_sendString' discards qualifiers from pointer target type
../main.c:137: warning: passing argument 1 of 'UART_receiveString' discards qualifiers from pointer target type
../main.c:154: warning: passing argument 1 of 'UART_sendString' discards qualifiers from pointer target type
../main.c: In function 'TASK_alertOn':
../main.c:179: warning: implicit declaration of function 'BUZZER_init'
../main.c:180: warning: implicit declaration of function 'BUZZER_on'
../main.c: In function 'TASK_alertOff':
../main.c:200: warning: implicit declaration of function 'BUZZER_off'
../main.c: In function 'TASK_doorOpen':
../main.c:208: warning: implicit declaration of function 'DcMotor_Init'
../main.c:211: warning: implicit declaration of function 'DcMotor_Rotate'
Finished building: ../main.c
 
Building file: ../timer.c
Invoking: AVR Compiler
avr-gcc -Wall -g2 -gstabs -O0 -fpack-struct -fshort-enums -ffunction-sections -fdata-sections -std=gnu99 -funsigned-char -funsigned-bitfields -mmcu=atmega16 -DF_CPU=1000000UL -MMD -MP -MF"timer.d" -MT"timer.o" -c -o "timer.o" "../timer.c"
Finished building: ../timer.c
 
Building target: CONTROL_ECU.elf
Invoking: AVR C Linker
avr-gcc -Wl,-Map,CONTROL_ECU.map -mmcu=atmega16 -o "CONTROL_ECU.elf"  ./buzzer.o ./dc_motor.o ./eeprom.o ./gpio.o ./i2c.o ./main.o ./timer.o ./uart.o   
Finished building target: CONTROL_ECU.elf
 
Invoking: AVR Create Extended Listing
avr-objdump -h -S CONTROL_ECU.elf  >"CONTROL_ECU.lss"
Finished building: CONTROL_ECU.lss
 
Invoking: Print Size
avr-size --format=avr --mcu=atmega16 CONTROL_ECU.elf
AVR Memory Usage
----------------
Device: atmega16

Program:    4996 bytes (30.5% Full)
(.text + .data + .bootloader)

Data:         51 bytes (5.0% Full)
(.data + .bss + .noinit)


Finished building: sizedummy
 
22:02:38 **** Incremental Build of configuration Debug for project HMI_ECU ****
make all 
Building file: ../main.c
Invoking: AVR Compiler
avr-gcc -Wall -g2 -gstabs -O0 -fpack-struct -fshort-enums -ffunction-sections -fdata-sections -std=gnu99 -funsigned-char -funsigned-bitfields -mmcu=atmega16 -DF_CPU=1000000UL -MMD -MP -MF"main.d" -MT"main.o" -c -o "main.o" "../main.c"
In file included from ../main.c:21:
../uart.h:16:1: warning: "F_CPU" redefined
<command-line>: warning: this is the location of the previous definition
In file included from ../main.c:24:
c:/winavr-20100110/lib/gcc/../../avr/include/util/delay.h:90:3: warning: #warning "Compiler optimizations disabled; functions from <util/delay.h> won't work as designed"
../main.c: In function 'main':
../main.c:76: warning: implicit declaration of function 'BUZZER_init'
../main.c: In function 'TASK_passwordChange':
../main.c:158: warning: passing argument 1 of 'UART_receiveString' discards qualifiers from pointer target type
../main.c: In function 'TASK_newPasswordEnter':
../main.c:294: warning: passing argument 1 of 'UART_sendString' discards qualifiers from pointer target type
../main.c: In function 'TASK_passwordCheck':
../main.c:322: warning: passing argument 1 of 'UART_receiveString' discards qualifiers from pointer target type
Finished building: ../main.c
 
Building file: ../timer.c
Invoking: AVR Compiler
avr-gcc -Wall -g2 -gstabs -O0 -fpack-struct -fshort-enums -ffunction-sections -fdata-sections -std=gnu99 -funsigned-char -funsigned-bitfields -mmcu=atmega16 -DF_CPU=1000000UL -MMD -MP -MF"timer.d" -MT"timer.o" -c -o "timer.o" "../timer.c"
Finished building: ../timer.c
 
Building target: HMI_ECU.elf
Invoking: AVR C Linker
avr-gcc -Wl,-Map,HMI_ECU.map -mmcu=atmega16 -o "HMI_ECU.elf"  ./buzzer.o ./gpio.o ./keypad.o ./lcd.o ./main.o ./timer.o ./uart.o   
Finished building target: HMI_ECU.elf
 
Invoking: AVR Create Extended Listing
avr-objdump -h -S HMI_ECU.elf  >"HMI_ECU.lss"
Finished building: HMI_ECU.lss
 
Invoking: Print Size
avr-size --format=avr --mcu=atmega16 HMI_ECU.elf
AVR Memory Usage
----------------
Device: atmega16

Program:   13816 bytes (84.3% Full)
(.text + .data + .bootloader)

Data:        291 bytes (28.4% Full)
(.data + .bss + .noinit)


Finished building: sizedummy
 
22:05:33 **** Incremental Build of configuration Debug for project CONTROL_ECU ****
make all 
Building file: ../main.c
Invoking: AVR Compiler
avr-gcc -Wall -g2 -gstabs -O0 -fpack-struct -fshort-enums -ffunction-sections -fdata-sections -std=gnu99 -funsigned-char -funsigned-bitfields -mmcu=atmega16 -DF_CPU=1000000UL -MMD -MP -MF"main.d" -MT"main.o" -c -o "main.o" "../main.c"
../main.c:12:1: warning: "F_CPU" redefined
<command-line>: warning: this is the location of the previous definition
../main.c: In function 'main':
../main.c:100: warning: passing argument 1 of 'UART_receiveString' discards qualifiers from pointer target type
../main.c:114: warning: passing argument 2 of 'EEPROM_readByte' discards qualifiers from pointer target type
../main.c:129: warning: passing argument 1 of 'UART_sendString' discards qualifiers from pointer target type
../main.c:137: warning: passing argument 1 of 'UART_receiveString' discards qualifiers from pointer target type
../main.c:154: warning: passing argument 1 of 'UART_sendString' discards qualifiers from pointer target type
../main.c: In function 'TASK_alertOn':
../main.c:179: warning: implicit declaration of function 'BUZZER_init'
../main.c:180: warning: implicit declaration of function 'BUZZER_on'
../main.c: In function 'TASK_alertOff':
../main.c:200: warning: implicit declaration of function 'BUZZER_off'
../main.c: In function 'TASK_doorOpen':
../main.c:208: warning: implicit declaration of function 'DcMotor_Init'
../main.c:211: warning: implicit declaration of function 'DcMotor_Rotate'
Finished building: ../main.c
 
Building target: CONTROL_ECU.elf
Invoking: AVR C Linker
avr-gcc -Wl,-Map,CONTROL_ECU.map -mmcu=atmega16 -o "CONTROL_ECU.elf"  ./buzzer.o ./dc_motor.o ./eeprom.o ./gpio.o ./i2c.o ./main.o ./timer.o ./uart.o   
Finished building target: CONTROL_ECU.elf
 
Invoking: AVR Create Extended Listing
avr-objdump -h -S CONTROL_ECU.elf  >"CONTROL_ECU.lss"
Finished building: CONTROL_ECU.lss
 
Invoking: Print Size
avr-size --format=avr --mcu=atmega16 CONTROL_ECU.elf
AVR Memory Usage
----------------
Device: atmega16

Program:    5044 bytes (30.8% Full)
(.text + .data + .bootloader)

Data:         51 bytes (5.0% Full)
(.data + .bss + .noinit)


Finished building: sizedummy
 
22:05:39 **** Incremental Build of configuration Debug for project HMI_ECU ****
make all 
Building file: ../main.c
Invoking: AVR Compiler
avr-gcc -Wall -g2 -gstabs -O0 -fpack-struct -fshort-enums -ffunction-sections -fdata-sections -std=gnu99 -funsigned-char -funsigned-bitfields -mmcu=atmega16 -DF_CPU=1000000UL -MMD -MP -MF"main.d" -MT"main.o" -c -o "main.o" "../main.c"
In file included from ../main.c:21:
../uart.h:16:1: warning: "F_CPU" redefined
<command-line>: warning: this is the location of the previous definition
In file included from ../main.c:24:
c:/winavr-20100110/lib/gcc/../../avr/include/util/delay.h:90:3: warning: #warning "Compiler optimizations disabled; functions from <util/delay.h> won't work as designed"
../main.c: In function 'main':
../main.c:76: warning: implicit declaration of function 'BUZZER_init'
../main.c: In function 'TASK_passwordChange':
../main.c:158: warning: passing argument 1 of 'UART_receiveString' discards qualifiers from pointer target type
../main.c: In function 'TASK_newPasswordEnter':
../main.c:294: warning: passing argument 1 of 'UART_sendString' discards qualifiers from pointer target type
../main.c: In function 'TASK_passwordCheck':
../main.c:322: warning: passing argument 1 of 'UART_receiveString' discards qualifiers from pointer target type
Finished building: ../main.c
 
Building target: HMI_ECU.elf
Invoking: AVR C Linker
avr-gcc -Wl,-Map,HMI_ECU.map -mmcu=atmega16 -o "HMI_ECU.elf"  ./buzzer.o ./gpio.o ./keypad.o ./lcd.o ./main.o ./timer.o ./uart.o   
Finished building target: HMI_ECU.elf
 
Invoking: AVR Create Extended Listing
avr-objdump -h -S HMI_ECU.elf  >"HMI_ECU.lss"
Finished building: HMI_ECU.lss
 
Invoking: Print Size
avr-size --format=avr --mcu=atmega16 HMI_ECU.elf
AVR Memory Usage
----------------
Device: atmega16

Program:   13864 bytes (84.6% Full)
(.text + .data + .bootloader)

Data:        291 bytes (28.4% Full)
(.data + .bss + .noinit)


Finished building: sizedummy
 
22:11:51 **** Incremental Build of configuration Debug for project CONTROL_ECU ****
make all 
Building file: ../main.c
Invoking: AVR Compiler
avr-gcc -Wall -g2 -gstabs -O0 -fpack-struct -fshort-enums -ffunction-sections -fdata-sections -std=gnu99 -funsigned-char -funsigned-bitfields -mmcu=atmega16 -DF_CPU=1000000UL -MMD -MP -MF"main.d" -MT"main.o" -c -o "main.o" "../main.c"
../main.c:12:1: warning: "F_CPU" redefined
<command-line>: warning: this is the location of the previous definition
../main.c: In function 'main':
../main.c:100: warning: passing argument 1 of 'UART_receiveString' discards qualifiers from pointer target type
../main.c:114: warning: passing argument 2 of 'EEPROM_readByte' discards qualifiers from pointer target type
../main.c:129: warning: passing argument 1 of 'UART_sendString' discards qualifiers from pointer target type
../main.c:137: warning: passing argument 1 of 'UART_receiveString' discards qualifiers from pointer target type
../main.c:155: warning: passing argument 1 of 'UART_sendString' discards qualifiers from pointer target type
../main.c: In function 'TASK_alertOn':
../main.c:180: warning: implicit declaration of function 'BUZZER_init'
../main.c:181: warning: implicit declaration of function 'BUZZER_on'
../main.c: In function 'TASK_alertOff':
../main.c:201: warning: implicit declaration of function 'BUZZER_off'
../main.c: In function 'TASK_doorOpen':
../main.c:209: warning: implicit declaration of function 'DcMotor_Init'
../main.c:212: warning: implicit declaration of function 'DcMotor_Rotate'
Finished building: ../main.c
 
Building target: CONTROL_ECU.elf
Invoking: AVR C Linker
avr-gcc -Wl,-Map,CONTROL_ECU.map -mmcu=atmega16 -o "CONTROL_ECU.elf"  ./buzzer.o ./dc_motor.o ./eeprom.o ./gpio.o ./i2c.o ./main.o ./timer.o ./uart.o   
Finished building target: CONTROL_ECU.elf
 
Invoking: AVR Create Extended Listing
avr-objdump -h -S CONTROL_ECU.elf  >"CONTROL_ECU.lss"
Finished building: CONTROL_ECU.lss
 
Invoking: Print Size
avr-size --format=avr --mcu=atmega16 CONTROL_ECU.elf
AVR Memory Usage
----------------
Device: atmega16

Program:    5048 bytes (30.8% Full)
(.text + .data + .bootloader)

Data:         51 bytes (5.0% Full)
(.data + .bss + .noinit)


Finished building: sizedummy
 
22:11:56 **** Incremental Build of configuration Debug for project HMI_ECU ****
make all 
Invoking: Print Size
avr-size --format=avr --mcu=atmega16 HMI_ECU.elf
AVR Memory Usage
----------------
Device: atmega16

Program:   13864 bytes (84.6% Full)
(.text + .data + .bootloader)

Data:        291 bytes (28.4% Full)
(.data + .bss + .noinit)


Finished building: sizedummy
 
22:14:39 **** Incremental Build of configuration Debug for project CONTROL_ECU ****
make all 
Building file: ../main.c
Invoking: AVR Compiler
avr-gcc -Wall -g2 -gstabs -O0 -fpack-struct -fshort-enums -ffunction-sections -fdata-sections -std=gnu99 -funsigned-char -funsigned-bitfields -mmcu=atmega16 -DF_CPU=1000000UL -MMD -MP -MF"main.d" -MT"main.o" -c -o "main.o" "../main.c"
../main.c:12:1: warning: "F_CPU" redefined
<command-line>: warning: this is the location of the previous definition
../main.c: In function 'main':
../main.c:100: warning: passing argument 1 of 'UART_receiveString' discards qualifiers from pointer target type
../main.c:114: warning: passing argument 2 of 'EEPROM_readByte' discards qualifiers from pointer target type
../main.c:129: warning: passing argument 1 of 'UART_sendString' discards qualifiers from pointer target type
../main.c:137: warning: passing argument 1 of 'UART_receiveString' discards qualifiers from pointer target type
../main.c:155: warning: passing argument 1 of 'UART_sendString' discards qualifiers from pointer target type
../main.c: In function 'TASK_alertOn':
../main.c:180: warning: implicit declaration of function 'BUZZER_init'
../main.c:181: warning: implicit declaration of function 'BUZZER_on'
../main.c: In function 'TASK_alertOff':
../main.c:201: warning: implicit declaration of function 'BUZZER_off'
../main.c: In function 'TASK_doorOpen':
../main.c:209: warning: implicit declaration of function 'DcMotor_Init'
../main.c:212: warning: implicit declaration of function 'DcMotor_Rotate'
Finished building: ../main.c
 
Building target: CONTROL_ECU.elf
Invoking: AVR C Linker
avr-gcc -Wl,-Map,CONTROL_ECU.map -mmcu=atmega16 -o "CONTROL_ECU.elf"  ./buzzer.o ./dc_motor.o ./eeprom.o ./gpio.o ./i2c.o ./main.o ./timer.o ./uart.o   
Finished building target: CONTROL_ECU.elf
 
Invoking: AVR Create Extended Listing
avr-objdump -h -S CONTROL_ECU.elf  >"CONTROL_ECU.lss"
Finished building: CONTROL_ECU.lss
 
Invoking: Print Size
avr-size --format=avr --mcu=atmega16 CONTROL_ECU.elf
AVR Memory Usage
----------------
Device: atmega16

Program:    5072 bytes (31.0% Full)
(.text + .data + .bootloader)

Data:         51 bytes (5.0% Full)
(.data + .bss + .noinit)


Finished building: sizedummy
 
22:14:46 **** Incremental Build of configuration Debug for project HMI_ECU ****
make all 
Invoking: Print Size
avr-size --format=avr --mcu=atmega16 HMI_ECU.elf
AVR Memory Usage
----------------
Device: atmega16

Program:   13864 bytes (84.6% Full)
(.text + .data + .bootloader)

Data:        291 bytes (28.4% Full)
(.data + .bss + .noinit)


Finished building: sizedummy
 
22:15:10 **** Incremental Build of configuration Debug for project CONTROL_ECU ****
make all 
Invoking: Print Size
avr-size --format=avr --mcu=atmega16 CONTROL_ECU.elf
AVR Memory Usage
----------------
Device: atmega16

Program:    5072 bytes (31.0% Full)
(.text + .data + .bootloader)

Data:         51 bytes (5.0% Full)
(.data + .bss + .noinit)


Finished building: sizedummy
 
22:15:15 **** Incremental Build of configuration Debug for project HMI_ECU ****
make all 
Building file: ../main.c
Invoking: AVR Compiler
avr-gcc -Wall -g2 -gstabs -O0 -fpack-struct -fshort-enums -ffunction-sections -fdata-sections -std=gnu99 -funsigned-char -funsigned-bitfields -mmcu=atmega16 -DF_CPU=1000000UL -MMD -MP -MF"main.d" -MT"main.o" -c -o "main.o" "../main.c"
../main.c:16:1: warning: "F_CPU" redefined
<command-line>: warning: this is the location of the previous definition
In file included from ../main.c:25:
c:/winavr-20100110/lib/gcc/../../avr/include/util/delay.h:90:3: warning: #warning "Compiler optimizations disabled; functions from <util/delay.h> won't work as designed"
../main.c: In function 'main':
../main.c:77: warning: implicit declaration of function 'BUZZER_init'
../main.c: In function 'TASK_passwordChange':
../main.c:159: warning: passing argument 1 of 'UART_receiveString' discards qualifiers from pointer target type
../main.c: In function 'TASK_newPasswordEnter':
../main.c:295: warning: passing argument 1 of 'UART_sendString' discards qualifiers from pointer target type
../main.c: In function 'TASK_passwordCheck':
../main.c:323: warning: passing argument 1 of 'UART_receiveString' discards qualifiers from pointer target type
Finished building: ../main.c
 
Building target: HMI_ECU.elf
Invoking: AVR C Linker
avr-gcc -Wl,-Map,HMI_ECU.map -mmcu=atmega16 -o "HMI_ECU.elf"  ./buzzer.o ./gpio.o ./keypad.o ./lcd.o ./main.o ./timer.o ./uart.o   
Finished building target: HMI_ECU.elf
 
Invoking: AVR Create Extended Listing
avr-objdump -h -S HMI_ECU.elf  >"HMI_ECU.lss"
Finished building: HMI_ECU.lss
 
Invoking: Print Size
avr-size --format=avr --mcu=atmega16 HMI_ECU.elf
AVR Memory Usage
----------------
Device: atmega16

Program:   13864 bytes (84.6% Full)
(.text + .data + .bootloader)

Data:        291 bytes (28.4% Full)
(.data + .bss + .noinit)


Finished building: sizedummy
 
22:38:42 **** Incremental Build of configuration Debug for project CONTROL_ECU ****
make all 
Building file: ../main.c
Invoking: AVR Compiler
avr-gcc -Wall -g2 -gstabs -O0 -fpack-struct -fshort-enums -ffunction-sections -fdata-sections -std=gnu99 -funsigned-char -funsigned-bitfields -mmcu=atmega16 -DF_CPU=1000000UL -MMD -MP -MF"main.d" -MT"main.o" -c -o "main.o" "../main.c"
../main.c:12:1: warning: "F_CPU" redefined
<command-line>: warning: this is the location of the previous definition
../main.c: In function 'main':
../main.c:100: warning: passing argument 1 of 'UART_receiveString' discards qualifiers from pointer target type
../main.c:114: warning: passing argument 2 of 'EEPROM_readByte' discards qualifiers from pointer target type
../main.c:129: warning: passing argument 1 of 'UART_sendString' discards qualifiers from pointer target type
../main.c:137: warning: passing argument 1 of 'UART_receiveString' discards qualifiers from pointer target type
../main.c:155: warning: passing argument 1 of 'UART_sendString' discards qualifiers from pointer target type
../main.c:164: warning: implicit declaration of function 'BUZZER_init'
../main.c:165: warning: implicit declaration of function 'BUZZER_on'
../main.c:167: warning: implicit declaration of function 'BUZZER_off'
../main.c: In function 'TASK_doorOpen':
../main.c:212: warning: implicit declaration of function 'DcMotor_Init'
../main.c:215: warning: implicit declaration of function 'DcMotor_Rotate'
Finished building: ../main.c
 
Building target: CONTROL_ECU.elf
Invoking: AVR C Linker
avr-gcc -Wl,-Map,CONTROL_ECU.map -mmcu=atmega16 -o "CONTROL_ECU.elf"  ./buzzer.o ./dc_motor.o ./eeprom.o ./gpio.o ./i2c.o ./main.o ./timer.o ./uart.o   
Finished building target: CONTROL_ECU.elf
 
Invoking: AVR Create Extended Listing
avr-objdump -h -S CONTROL_ECU.elf  >"CONTROL_ECU.lss"
Finished building: CONTROL_ECU.lss
 
Invoking: Print Size
avr-size --format=avr --mcu=atmega16 CONTROL_ECU.elf
AVR Memory Usage
----------------
Device: atmega16

Program:    5084 bytes (31.0% Full)
(.text + .data + .bootloader)

Data:         51 bytes (5.0% Full)
(.data + .bss + .noinit)


Finished building: sizedummy
 
22:38:48 **** Incremental Build of configuration Debug for project HMI_ECU ****
make all 
Building file: ../main.c
Invoking: AVR Compiler
avr-gcc -Wall -g2 -gstabs -O0 -fpack-struct -fshort-enums -ffunction-sections -fdata-sections -std=gnu99 -funsigned-char -funsigned-bitfields -mmcu=atmega16 -DF_CPU=1000000UL -MMD -MP -MF"main.d" -MT"main.o" -c -o "main.o" "../main.c"
../main.c:16:1: warning: "F_CPU" redefined
<command-line>: warning: this is the location of the previous definition
In file included from ../main.c:25:
c:/winavr-20100110/lib/gcc/../../avr/include/util/delay.h:90:3: warning: #warning "Compiler optimizations disabled; functions from <util/delay.h> won't work as designed"
../main.c: In function 'main':
../main.c:77: warning: implicit declaration of function 'BUZZER_init'
../main.c: In function 'TASK_passwordChange':
../main.c:159: warning: passing argument 1 of 'UART_receiveString' discards qualifiers from pointer target type
../main.c: In function 'TASK_newPasswordEnter':
../main.c:295: warning: passing argument 1 of 'UART_sendString' discards qualifiers from pointer target type
../main.c: In function 'TASK_passwordCheck':
../main.c:323: warning: passing argument 1 of 'UART_receiveString' discards qualifiers from pointer target type
Finished building: ../main.c
 
Building target: HMI_ECU.elf
Invoking: AVR C Linker
avr-gcc -Wl,-Map,HMI_ECU.map -mmcu=atmega16 -o "HMI_ECU.elf"  ./buzzer.o ./gpio.o ./keypad.o ./lcd.o ./main.o ./timer.o ./uart.o   
Finished building target: HMI_ECU.elf
 
Invoking: AVR Create Extended Listing
avr-objdump -h -S HMI_ECU.elf  >"HMI_ECU.lss"
Finished building: HMI_ECU.lss
 
Invoking: Print Size
avr-size --format=avr --mcu=atmega16 HMI_ECU.elf
AVR Memory Usage
----------------
Device: atmega16

Program:   13852 bytes (84.5% Full)
(.text + .data + .bootloader)

Data:        291 bytes (28.4% Full)
(.data + .bss + .noinit)


Finished building: sizedummy
 
22:41:14 **** Incremental Build of configuration Debug for project CONTROL_ECU ****
make all 
Building file: ../main.c
Invoking: AVR Compiler
avr-gcc -Wall -g2 -gstabs -O0 -fpack-struct -fshort-enums -ffunction-sections -fdata-sections -std=gnu99 -funsigned-char -funsigned-bitfields -mmcu=atmega16 -DF_CPU=1000000UL -MMD -MP -MF"main.d" -MT"main.o" -c -o "main.o" "../main.c"
../main.c:12:1: warning: "F_CPU" redefined
<command-line>: warning: this is the location of the previous definition
../main.c: In function 'main':
../main.c:100: warning: passing argument 1 of 'UART_receiveString' discards qualifiers from pointer target type
../main.c:114: warning: passing argument 2 of 'EEPROM_readByte' discards qualifiers from pointer target type
../main.c:129: warning: passing argument 1 of 'UART_sendString' discards qualifiers from pointer target type
../main.c:137: warning: passing argument 1 of 'UART_receiveString' discards qualifiers from pointer target type
../main.c:155: warning: passing argument 1 of 'UART_sendString' discards qualifiers from pointer target type
../main.c: In function 'TASK_alertOn':
../main.c:180: warning: implicit declaration of function 'BUZZER_init'
../main.c:181: warning: implicit declaration of function 'BUZZER_on'
../main.c: In function 'TASK_alertOff':
../main.c:201: warning: implicit declaration of function 'BUZZER_off'
../main.c: In function 'TASK_doorOpen':
../main.c:209: warning: implicit declaration of function 'DcMotor_Init'
../main.c:212: warning: implicit declaration of function 'DcMotor_Rotate'
Finished building: ../main.c
 
Building target: CONTROL_ECU.elf
Invoking: AVR C Linker
avr-gcc -Wl,-Map,CONTROL_ECU.map -mmcu=atmega16 -o "CONTROL_ECU.elf"  ./buzzer.o ./dc_motor.o ./eeprom.o ./gpio.o ./i2c.o ./main.o ./timer.o ./uart.o   
Finished building target: CONTROL_ECU.elf
 
Invoking: AVR Create Extended Listing
avr-objdump -h -S CONTROL_ECU.elf  >"CONTROL_ECU.lss"
Finished building: CONTROL_ECU.lss
 
Invoking: Print Size
avr-size --format=avr --mcu=atmega16 CONTROL_ECU.elf
AVR Memory Usage
----------------
Device: atmega16

Program:    5072 bytes (31.0% Full)
(.text + .data + .bootloader)

Data:         51 bytes (5.0% Full)
(.data + .bss + .noinit)


Finished building: sizedummy
 
22:41:24 **** Incremental Build of configuration Debug for project HMI_ECU ****
make all 
Building file: ../main.c
Invoking: AVR Compiler
avr-gcc -Wall -g2 -gstabs -O0 -fpack-struct -fshort-enums -ffunction-sections -fdata-sections -std=gnu99 -funsigned-char -funsigned-bitfields -mmcu=atmega16 -DF_CPU=1000000UL -MMD -MP -MF"main.d" -MT"main.o" -c -o "main.o" "../main.c"
../main.c:16:1: warning: "F_CPU" redefined
<command-line>: warning: this is the location of the previous definition
In file included from ../main.c:25:
c:/winavr-20100110/lib/gcc/../../avr/include/util/delay.h:90:3: warning: #warning "Compiler optimizations disabled; functions from <util/delay.h> won't work as designed"
../main.c: In function 'main':
../main.c:77: warning: implicit declaration of function 'BUZZER_init'
../main.c: In function 'TASK_passwordChange':
../main.c:159: warning: passing argument 1 of 'UART_receiveString' discards qualifiers from pointer target type
../main.c: In function 'TASK_newPasswordEnter':
../main.c:295: warning: passing argument 1 of 'UART_sendString' discards qualifiers from pointer target type
../main.c: In function 'TASK_passwordCheck':
../main.c:323: warning: passing argument 1 of 'UART_receiveString' discards qualifiers from pointer target type
../main.c:382: warning: implicit declaration of function 'BUZZER_off'
Finished building: ../main.c
 
Building target: HMI_ECU.elf
Invoking: AVR C Linker
avr-gcc -Wl,-Map,HMI_ECU.map -mmcu=atmega16 -o "HMI_ECU.elf"  ./buzzer.o ./gpio.o ./keypad.o ./lcd.o ./main.o ./timer.o ./uart.o   
Finished building target: HMI_ECU.elf
 
Invoking: AVR Create Extended Listing
avr-objdump -h -S HMI_ECU.elf  >"HMI_ECU.lss"
Finished building: HMI_ECU.lss
 
Invoking: Print Size
avr-size --format=avr --mcu=atmega16 HMI_ECU.elf
AVR Memory Usage
----------------
Device: atmega16

Program:   13864 bytes (84.6% Full)
(.text + .data + .bootloader)

Data:        291 bytes (28.4% Full)
(.data + .bss + .noinit)


Finished building: sizedummy
 
22:53:29 **** Incremental Build of configuration Debug for project CONTROL_ECU ****
make all 
Building file: ../main.c
Invoking: AVR Compiler
avr-gcc -Wall -g2 -gstabs -O0 -fpack-struct -fshort-enums -ffunction-sections -fdata-sections -std=gnu99 -funsigned-char -funsigned-bitfields -mmcu=atmega16 -DF_CPU=1000000UL -MMD -MP -MF"main.d" -MT"main.o" -c -o "main.o" "../main.c"
../main.c:12:1: warning: "F_CPU" redefined
<command-line>: warning: this is the location of the previous definition
../main.c: In function 'main':
../main.c:100: warning: passing argument 1 of 'UART_receiveString' discards qualifiers from pointer target type
../main.c:114: warning: passing argument 2 of 'EEPROM_readByte' discards qualifiers from pointer target type
../main.c:129: warning: passing argument 1 of 'UART_sendString' discards qualifiers from pointer target type
../main.c:137: warning: passing argument 1 of 'UART_receiveString' discards qualifiers from pointer target type
../main.c:155: warning: passing argument 1 of 'UART_sendString' discards qualifiers from pointer target type
../main.c: In function 'TASK_alertOn':
../main.c:180: warning: implicit declaration of function 'BUZZER_init'
../main.c:181: warning: implicit declaration of function 'BUZZER_on'
../main.c: In function 'TASK_alertOff':
../main.c:201: warning: implicit declaration of function 'BUZZER_off'
../main.c: In function 'TASK_doorOpen':
../main.c:209: warning: implicit declaration of function 'DcMotor_Init'
../main.c:212: warning: implicit declaration of function 'DcMotor_Rotate'
Finished building: ../main.c
 
Building target: CONTROL_ECU.elf
Invoking: AVR C Linker
avr-gcc -Wl,-Map,CONTROL_ECU.map -mmcu=atmega16 -o "CONTROL_ECU.elf"  ./buzzer.o ./dc_motor.o ./eeprom.o ./gpio.o ./i2c.o ./main.o ./timer.o ./uart.o   
Finished building target: CONTROL_ECU.elf
 
Invoking: AVR Create Extended Listing
avr-objdump -h -S CONTROL_ECU.elf  >"CONTROL_ECU.lss"
Finished building: CONTROL_ECU.lss
 
Invoking: Print Size
avr-size --format=avr --mcu=atmega16 CONTROL_ECU.elf
AVR Memory Usage
----------------
Device: atmega16

Program:    5090 bytes (31.1% Full)
(.text + .data + .bootloader)

Data:         51 bytes (5.0% Full)
(.data + .bss + .noinit)


Finished building: sizedummy
 
22:53:34 **** Incremental Build of configuration Debug for project HMI_ECU ****
make all 
Building file: ../main.c
Invoking: AVR Compiler
avr-gcc -Wall -g2 -gstabs -O0 -fpack-struct -fshort-enums -ffunction-sections -fdata-sections -std=gnu99 -funsigned-char -funsigned-bitfields -mmcu=atmega16 -DF_CPU=1000000UL -MMD -MP -MF"main.d" -MT"main.o" -c -o "main.o" "../main.c"
../main.c:16:1: warning: "F_CPU" redefined
<command-line>: warning: this is the location of the previous definition
In file included from ../main.c:25:
c:/winavr-20100110/lib/gcc/../../avr/include/util/delay.h:90:3: warning: #warning "Compiler optimizations disabled; functions from <util/delay.h> won't work as designed"
../main.c: In function 'main':
../main.c:77: warning: implicit declaration of function 'BUZZER_init'
../main.c: In function 'TASK_passwordChange':
../main.c:159: warning: passing argument 1 of 'UART_receiveString' discards qualifiers from pointer target type
../main.c: In function 'TASK_newPasswordEnter':
../main.c:295: warning: passing argument 1 of 'UART_sendString' discards qualifiers from pointer target type
../main.c: In function 'TASK_passwordCheck':
../main.c:323: warning: passing argument 1 of 'UART_receiveString' discards qualifiers from pointer target type
../main.c:382: warning: implicit declaration of function 'BUZZER_off'
Finished building: ../main.c
 
Building target: HMI_ECU.elf
Invoking: AVR C Linker
avr-gcc -Wl,-Map,HMI_ECU.map -mmcu=atmega16 -o "HMI_ECU.elf"  ./buzzer.o ./gpio.o ./keypad.o ./lcd.o ./main.o ./timer.o ./uart.o   
Finished building target: HMI_ECU.elf
 
Invoking: AVR Create Extended Listing
avr-objdump -h -S HMI_ECU.elf  >"HMI_ECU.lss"
Finished building: HMI_ECU.lss
 
Invoking: Print Size
avr-size --format=avr --mcu=atmega16 HMI_ECU.elf
AVR Memory Usage
----------------
Device: atmega16

Program:   13896 bytes (84.8% Full)
(.text + .data + .bootloader)

Data:        291 bytes (28.4% Full)
(.data + .bss + .noinit)


Finished building: sizedummy
 
23:21:19 **** Incremental Build of configuration Debug for project CONTROL_ECU ****
make all 
Building file: ../main.c
Invoking: AVR Compiler
avr-gcc -Wall -g2 -gstabs -O0 -fpack-struct -fshort-enums -ffunction-sections -fdata-sections -std=gnu99 -funsigned-char -funsigned-bitfields -mmcu=atmega16 -DF_CPU=1000000UL -MMD -MP -MF"main.d" -MT"main.o" -c -o "main.o" "../main.c"
../main.c:12:1: warning: "F_CPU" redefined
<command-line>: warning: this is the location of the previous definition
../main.c: In function 'main':
../main.c:104: warning: passing argument 1 of 'UART_receiveString' discards qualifiers from pointer target type
../main.c:122: warning: passing argument 2 of 'EEPROM_readByte' discards qualifiers from pointer target type
../main.c:140: warning: passing argument 1 of 'UART_sendString' discards qualifiers from pointer target type
../main.c:150: warning: passing argument 1 of 'UART_receiveString' discards qualifiers from pointer target type
../main.c:170: warning: passing argument 1 of 'UART_sendString' discards qualifiers from pointer target type
../main.c: In function 'TASK_alertOn':
../main.c:198: warning: implicit declaration of function 'BUZZER_init'
../main.c:199: warning: implicit declaration of function 'BUZZER_on'
../main.c: In function 'TASK_alertOff':
../main.c:219: warning: implicit declaration of function 'BUZZER_off'
../main.c: In function 'TASK_doorOpen':
../main.c:227: warning: implicit declaration of function 'DcMotor_Init'
../main.c:230: warning: implicit declaration of function 'DcMotor_Rotate'
Finished building: ../main.c
 
Building target: CONTROL_ECU.elf
Invoking: AVR C Linker
avr-gcc -Wl,-Map,CONTROL_ECU.map -mmcu=atmega16 -o "CONTROL_ECU.elf"  ./buzzer.o ./dc_motor.o ./eeprom.o ./gpio.o ./i2c.o ./main.o ./timer.o ./uart.o   
Finished building target: CONTROL_ECU.elf
 
Invoking: AVR Create Extended Listing
avr-objdump -h -S CONTROL_ECU.elf  >"CONTROL_ECU.lss"
Finished building: CONTROL_ECU.lss
 
Invoking: Print Size
avr-size --format=avr --mcu=atmega16 CONTROL_ECU.elf
AVR Memory Usage
----------------
Device: atmega16

Program:    5094 bytes (31.1% Full)
(.text + .data + .bootloader)

Data:         51 bytes (5.0% Full)
(.data + .bss + .noinit)


Finished building: sizedummy
 
23:21:25 **** Incremental Build of configuration Debug for project HMI_ECU ****
make all 
Building file: ../main.c
Invoking: AVR Compiler
avr-gcc -Wall -g2 -gstabs -O0 -fpack-struct -fshort-enums -ffunction-sections -fdata-sections -std=gnu99 -funsigned-char -funsigned-bitfields -mmcu=atmega16 -DF_CPU=1000000UL -MMD -MP -MF"main.d" -MT"main.o" -c -o "main.o" "../main.c"
../main.c:16:1: warning: "F_CPU" redefined
<command-line>: warning: this is the location of the previous definition
In file included from ../main.c:25:
c:/winavr-20100110/lib/gcc/../../avr/include/util/delay.h:90:3: warning: #warning "Compiler optimizations disabled; functions from <util/delay.h> won't work as designed"
../main.c: In function 'main':
../main.c:77: warning: implicit declaration of function 'BUZZER_init'
../main.c: In function 'TASK_passwordChange':
../main.c:159: warning: passing argument 1 of 'UART_receiveString' discards qualifiers from pointer target type
../main.c: In function 'TASK_newPasswordEnter':
../main.c:295: warning: passing argument 1 of 'UART_sendString' discards qualifiers from pointer target type
../main.c: In function 'TASK_passwordCheck':
../main.c:323: warning: passing argument 1 of 'UART_receiveString' discards qualifiers from pointer target type
../main.c:382: warning: implicit declaration of function 'BUZZER_off'
Finished building: ../main.c
 
Building target: HMI_ECU.elf
Invoking: AVR C Linker
avr-gcc -Wl,-Map,HMI_ECU.map -mmcu=atmega16 -o "HMI_ECU.elf"  ./buzzer.o ./gpio.o ./keypad.o ./lcd.o ./main.o ./timer.o ./uart.o   
Finished building target: HMI_ECU.elf
 
Invoking: AVR Create Extended Listing
avr-objdump -h -S HMI_ECU.elf  >"HMI_ECU.lss"
Finished building: HMI_ECU.lss
 
Invoking: Print Size
avr-size --format=avr --mcu=atmega16 HMI_ECU.elf
AVR Memory Usage
----------------
Device: atmega16

Program:   13896 bytes (84.8% Full)
(.text + .data + .bootloader)

Data:        291 bytes (28.4% Full)
(.data + .bss + .noinit)


Finished building: sizedummy
 
23:27:07 **** Incremental Build of configuration Debug for project CONTROL_ECU ****
make all 
Building file: ../main.c
Invoking: AVR Compiler
avr-gcc -Wall -g2 -gstabs -O0 -fpack-struct -fshort-enums -ffunction-sections -fdata-sections -std=gnu99 -funsigned-char -funsigned-bitfields -mmcu=atmega16 -DF_CPU=1000000UL -MMD -MP -MF"main.d" -MT"main.o" -c -o "main.o" "../main.c"
../main.c:12:1: warning: "F_CPU" redefined
<command-line>: warning: this is the location of the previous definition
../main.c: In function 'main':
../main.c:104: warning: passing argument 1 of 'UART_receiveString' discards qualifiers from pointer target type
../main.c:122: warning: passing argument 2 of 'EEPROM_readByte' discards qualifiers from pointer target type
../main.c:140: warning: passing argument 1 of 'UART_sendString' discards qualifiers from pointer target type
../main.c:150: warning: passing argument 1 of 'UART_receiveString' discards qualifiers from pointer target type
../main.c:170: warning: passing argument 1 of 'UART_sendString' discards qualifiers from pointer target type
../main.c: In function 'TASK_alertOn':
../main.c:198: warning: implicit declaration of function 'BUZZER_init'
../main.c:199: warning: implicit declaration of function 'BUZZER_on'
../main.c: In function 'TASK_alertOff':
../main.c:219: warning: implicit declaration of function 'BUZZER_off'
../main.c: In function 'TASK_doorOpen':
../main.c:227: warning: implicit declaration of function 'DcMotor_Init'
../main.c:230: warning: implicit declaration of function 'DcMotor_Rotate'
Finished building: ../main.c
 
Building target: CONTROL_ECU.elf
Invoking: AVR C Linker
avr-gcc -Wl,-Map,CONTROL_ECU.map -mmcu=atmega16 -o "CONTROL_ECU.elf"  ./buzzer.o ./dc_motor.o ./eeprom.o ./gpio.o ./i2c.o ./main.o ./timer.o ./uart.o   
Finished building target: CONTROL_ECU.elf
 
Invoking: AVR Create Extended Listing
avr-objdump -h -S CONTROL_ECU.elf  >"CONTROL_ECU.lss"
Finished building: CONTROL_ECU.lss
 
Invoking: Print Size
avr-size --format=avr --mcu=atmega16 CONTROL_ECU.elf
AVR Memory Usage
----------------
Device: atmega16

Program:    5076 bytes (31.0% Full)
(.text + .data + .bootloader)

Data:         51 bytes (5.0% Full)
(.data + .bss + .noinit)


Finished building: sizedummy
 
23:27:12 **** Incremental Build of configuration Debug for project HMI_ECU ****
make all 
Building file: ../main.c
Invoking: AVR Compiler
avr-gcc -Wall -g2 -gstabs -O0 -fpack-struct -fshort-enums -ffunction-sections -fdata-sections -std=gnu99 -funsigned-char -funsigned-bitfields -mmcu=atmega16 -DF_CPU=1000000UL -MMD -MP -MF"main.d" -MT"main.o" -c -o "main.o" "../main.c"
../main.c:16:1: warning: "F_CPU" redefined
<command-line>: warning: this is the location of the previous definition
In file included from ../main.c:25:
c:/winavr-20100110/lib/gcc/../../avr/include/util/delay.h:90:3: warning: #warning "Compiler optimizations disabled; functions from <util/delay.h> won't work as designed"
../main.c: In function 'main':
../main.c:77: warning: implicit declaration of function 'BUZZER_init'
../main.c: In function 'TASK_passwordChange':
../main.c:159: warning: passing argument 1 of 'UART_receiveString' discards qualifiers from pointer target type
../main.c: In function 'TASK_newPasswordEnter':
../main.c:295: warning: passing argument 1 of 'UART_sendString' discards qualifiers from pointer target type
../main.c: In function 'TASK_passwordCheck':
../main.c:323: warning: passing argument 1 of 'UART_receiveString' discards qualifiers from pointer target type
Finished building: ../main.c
 
Building target: HMI_ECU.elf
Invoking: AVR C Linker
avr-gcc -Wl,-Map,HMI_ECU.map -mmcu=atmega16 -o "HMI_ECU.elf"  ./buzzer.o ./gpio.o ./keypad.o ./lcd.o ./main.o ./timer.o ./uart.o   
Finished building target: HMI_ECU.elf
 
Invoking: AVR Create Extended Listing
avr-objdump -h -S HMI_ECU.elf  >"HMI_ECU.lss"
Finished building: HMI_ECU.lss
 
Invoking: Print Size
avr-size --format=avr --mcu=atmega16 HMI_ECU.elf
AVR Memory Usage
----------------
Device: atmega16

Program:   13860 bytes (84.6% Full)
(.text + .data + .bootloader)

Data:        291 bytes (28.4% Full)
(.data + .bss + .noinit)


Finished building: sizedummy
 
